DiscordAPIError: Missing Permissions
    at RequestHandler.execute (/root/PokeTest/node_modules/discord.js/src/rest/RequestHandler.js:154:13)
    at runMicrotasks (<anonymous>)
    at processTicksAndRejections (node:internal/process/task_queues:96:5)
    at async RequestHandler.push (/root/PokeTest/node_modules/discord.js/src/rest/RequestHandler.js:39:14) {
  method: 'post',
  path: '/channels/787277809659805746/messages',
  code: 50013,
  httpStatus: 403
}
DiscordAPIError: Missing Permissions
    at RequestHandler.execute (/root/PokeTest/node_modules/discord.js/src/rest/RequestHandler.js:154:13)
    at runMicrotasks (<anonymous>)
    at processTicksAndRejections (node:internal/process/task_queues:96:5)
    at async RequestHandler.push (/root/PokeTest/node_modules/discord.js/src/rest/RequestHandler.js:39:14) {
  method: 'post',
  path: '/channels/748558144359235685/messages',
  code: 50013,
  httpStatus: 403
}
DiscordAPIError: Missing Permissions
    at RequestHandler.execute (/root/PokeTest/node_modules/discord.js/src/rest/RequestHandler.js:154:13)
    at runMicrotasks (<anonymous>)
    at processTicksAndRejections (node:internal/process/task_queues:96:5)
    at async RequestHandler.push (/root/PokeTest/node_modules/discord.js/src/rest/RequestHandler.js:39:14) {
  method: 'post',
  path: '/channels/748558144359235685/messages',
  code: 50013,
  httpStatus: 403
}
DiscordAPIError: Missing Permissions
    at RequestHandler.execute (/root/PokeTest/node_modules/discord.js/src/rest/RequestHandler.js:154:13)
    at runMicrotasks (<anonymous>)
    at processTicksAndRejections (node:internal/process/task_queues:96:5)
    at async RequestHandler.push (/root/PokeTest/node_modules/discord.js/src/rest/RequestHandler.js:39:14) {
  method: 'post',
  path: '/channels/748558144359235685/messages',
  code: 50013,
  httpStatus: 403
}
DiscordAPIError: Missing Permissions
    at RequestHandler.execute (/root/PokeTest/node_modules/discord.js/src/rest/RequestHandler.js:154:13)
    at runMicrotasks (<anonymous>)
    at processTicksAndRejections (node:internal/process/task_queues:96:5)
    at async RequestHandler.push (/root/PokeTest/node_modules/discord.js/src/rest/RequestHandler.js:39:14) {
  method: 'post',
  path: '/channels/787277809659805746/messages',
  code: 50013,
  httpStatus: 403
}
VersionError: No matching document found for id "628cc3404948189ff74f8753" version 124 modifiedPaths "PokeCredits"
    at generateVersionError (/root/PokeTest/node_modules/mongoose/lib/model.js:444:10)
    at model.Model.save (/root/PokeTest/node_modules/mongoose/lib/model.js:500:28)
    at /root/PokeTest/commands/buy.js:800:18
    at runMicrotasks (<anonymous>)
    at processTicksAndRejections (node:internal/process/task_queues:96:5) {
  version: 124,
  modifiedPaths: [ 'PokeCredits' ]
}
VersionError: No matching document found for id "628cc3404948189ff74f8753" version 181 modifiedPaths "PokeCredits"
    at generateVersionError (/root/PokeTest/node_modules/mongoose/lib/model.js:444:10)
    at model.Model.save (/root/PokeTest/node_modules/mongoose/lib/model.js:500:28)
    at /root/PokeTest/commands/buy.js:257:34
    at /root/PokeTest/node_modules/mongoose/lib/model.js:5074:18
    at processTicksAndRejections (node:internal/process/task_queues:78:11) {
  version: 181,
  modifiedPaths: [ 'PokeCredits' ]
}
VersionError: No matching document found for id "628cc3404948189ff74f8753" version 191 modifiedPaths "PokeCredits"
    at generateVersionError (/root/PokeTest/node_modules/mongoose/lib/model.js:444:10)
    at model.Model.save (/root/PokeTest/node_modules/mongoose/lib/model.js:500:28)
    at /root/PokeTest/commands/buy.js:257:34
    at /root/PokeTest/node_modules/mongoose/lib/model.js:5074:18
    at processTicksAndRejections (node:internal/process/task_queues:78:11) {
  version: 191,
  modifiedPaths: [ 'PokeCredits' ]
}
VersionError: No matching document found for id "628d8e083ae698abedcbf2c2" version 255 modifiedPaths "PokeCredits"
    at generateVersionError (/root/PokeTest/node_modules/mongoose/lib/model.js:444:10)
    at model.Model.save (/root/PokeTest/node_modules/mongoose/lib/model.js:500:28)
    at /root/PokeTest/commands/buy.js:800:18
    at processTicksAndRejections (node:internal/process/task_queues:96:5) {
  version: 255,
  modifiedPaths: [ 'PokeCredits' ]
}
VersionError: No matching document found for id "628d8e083ae698abedcbf2c2" version 261 modifiedPaths "Teams"
    at generateVersionError (/root/PokeTest/node_modules/mongoose/lib/model.js:444:10)
    at model.Model.save (/root/PokeTest/node_modules/mongoose/lib/model.js:500:28)
    at /root/PokeTest/commands/teamedit.js:38:30
    at runMicrotasks (<anonymous>)
    at processTicksAndRejections (node:internal/process/task_queues:96:5) {
  version: 261,
  modifiedPaths: [ 'Teams' ]
}
VersionError: No matching document found for id "628d8e083ae698abedcbf2c2" version 269 modifiedPaths "PokeCredits"
    at generateVersionError (/root/PokeTest/node_modules/mongoose/lib/model.js:444:10)
    at model.Model.save (/root/PokeTest/node_modules/mongoose/lib/model.js:500:28)
    at /root/PokeTest/commands/buy.js:800:18
    at runMicrotasks (<anonymous>)
    at processTicksAndRejections (node:internal/process/task_queues:96:5) {
  version: 269,
  modifiedPaths: [ 'PokeCredits' ]
}
VersionError: No matching document found for id "628d8e083ae698abedcbf2c2" version 271 modifiedPaths "Teams"
    at generateVersionError (/root/PokeTest/node_modules/mongoose/lib/model.js:444:10)
    at model.Model.save (/root/PokeTest/node_modules/mongoose/lib/model.js:500:28)
    at /root/PokeTest/commands/teamedit.js:38:30
    at processTicksAndRejections (node:internal/process/task_queues:96:5) {
  version: 271,
  modifiedPaths: [ 'Teams' ]
}
VersionError: No matching document found for id "628d8e083ae698abedcbf2c2" version 274 modifiedPaths "PokeCredits"
    at generateVersionError (/root/PokeTest/node_modules/mongoose/lib/model.js:444:10)
    at model.Model.save (/root/PokeTest/node_modules/mongoose/lib/model.js:500:28)
    at /root/PokeTest/commands/buy.js:800:18
    at runMicrotasks (<anonymous>)
    at processTicksAndRejections (node:internal/process/task_queues:96:5) {
  version: 274,
  modifiedPaths: [ 'PokeCredits' ]
}
VersionError: No matching document found for id "628d8e083ae698abedcbf2c2" version 284 modifiedPaths "PokeCredits"
    at generateVersionError (/root/PokeTest/node_modules/mongoose/lib/model.js:444:10)
    at model.Model.save (/root/PokeTest/node_modules/mongoose/lib/model.js:500:28)
    at /root/PokeTest/commands/buy.js:800:18
    at runMicrotasks (<anonymous>)
    at processTicksAndRejections (node:internal/process/task_queues:96:5) {
  version: 284,
  modifiedPaths: [ 'PokeCredits' ]
}
TypeError: Cannot read properties of undefined (reading 'toLowerCase')
    at Object.module.exports.run (/root/PokeTest/commands/raid.js:559:80)
    at /root/PokeTest/index.js:298:25
    at /root/PokeTest/node_modules/mongoose/lib/model.js:5074:18
    at processTicksAndRejections (node:internal/process/task_queues:78:11)
    at runNextTicks (node:internal/process/task_queues:65:3)
    at processImmediate (node:internal/timers:437:9)
TypeError: Cannot read properties of undefined (reading 'toLowerCase')
    at Object.module.exports.run (/root/PokeTest/commands/r.js:13:36)
    at /root/PokeTest/index.js:298:25
    at /root/PokeTest/node_modules/mongoose/lib/model.js:5074:18
    at processTicksAndRejections (node:internal/process/task_queues:78:11)
    at runNextTicks (node:internal/process/task_queues:65:3)
    at processImmediate (node:internal/timers:437:9)
DiscordAPIError: Missing Permissions
    at RequestHandler.execute (/root/PokeTest/node_modules/discord.js/src/rest/RequestHandler.js:154:13)
    at runMicrotasks (<anonymous>)
    at processTicksAndRejections (node:internal/process/task_queues:96:5)
    at async RequestHandler.push (/root/PokeTest/node_modules/discord.js/src/rest/RequestHandler.js:39:14) {
  method: 'post',
  path: '/channels/748558144359235685/messages',
  code: 50013,
  httpStatus: 403
}
VersionError: No matching document found for id "628d438c687ba7a6b8fca864" version 231 modifiedPaths "PokeCredits"
    at generateVersionError (/root/PokeTest/node_modules/mongoose/lib/model.js:444:10)
    at model.Model.save (/root/PokeTest/node_modules/mongoose/lib/model.js:500:28)
    at /root/PokeTest/commands/buy.js:257:34
    at /root/PokeTest/node_modules/mongoose/lib/model.js:5074:18
    at processTicksAndRejections (node:internal/process/task_queues:78:11) {
  version: 231,
  modifiedPaths: [ 'PokeCredits' ]
}
DiscordAPIError: Missing Permissions
    at RequestHandler.execute (/root/PokeTest/node_modules/discord.js/src/rest/RequestHandler.js:154:13)
    at runMicrotasks (<anonymous>)
    at processTicksAndRejections (node:internal/process/task_queues:96:5)
    at async RequestHandler.push (/root/PokeTest/node_modules/discord.js/src/rest/RequestHandler.js:39:14) {
  method: 'post',
  path: '/channels/756137104274227282/messages',
  code: 50013,
  httpStatus: 403
}
TypeError: Cannot read properties of undefined (reading 'cache')
    at MessageCreateAction.handle (/root/PokeTest/node_modules/discord.js/src/client/actions/MessageCreate.js:11:41)
    at Object.module.exports [as MESSAGE_CREATE] (/root/PokeTest/node_modules/discord.js/src/client/websocket/handlers/MESSAGE_CREATE.js:4:32)
    at WebSocketManager.handlePacket (/root/PokeTest/node_modules/discord.js/src/client/websocket/WebSocketManager.js:384:31)
    at WebSocketShard.onPacket (/root/PokeTest/node_modules/discord.js/src/client/websocket/WebSocketShard.js:444:22)
    at WebSocketShard.onMessage (/root/PokeTest/node_modules/discord.js/src/client/websocket/WebSocketShard.js:301:10)
    at WebSocket.onMessage (/root/PokeTest/node_modules/ws/lib/event-target.js:132:16)
    at WebSocket.emit (node:events:527:28)
    at Receiver.receiverOnMessage (/root/PokeTest/node_modules/ws/lib/websocket.js:1008:20)
    at Receiver.emit (node:events:527:28)
    at Receiver.dataMessage (/root/PokeTest/node_modules/ws/lib/receiver.js:517:14)
    at Receiver.getData (/root/PokeTest/node_modules/ws/lib/receiver.js:435:17)
    at Receiver.startLoop (/root/PokeTest/node_modules/ws/lib/receiver.js:143:22)
    at Receiver._write (/root/PokeTest/node_modules/ws/lib/receiver.js:78:10)
    at writeOrBuffer (node:internal/streams/writable:389:12)
    at _write (node:internal/streams/writable:330:10)
    at Receiver.Writable.write (node:internal/streams/writable:334:10)
VersionError: No matching document found for id "628cc3524948189ff74f8756" version 69 modifiedPaths "PokeCredits"
    at generateVersionError (/root/PokeTest/node_modules/mongoose/lib/model.js:444:10)
    at model.Model.save (/root/PokeTest/node_modules/mongoose/lib/model.js:500:28)
    at /root/PokeTest/commands/buy.js:257:34
    at /root/PokeTest/node_modules/mongoose/lib/model.js:5074:18
    at processTicksAndRejections (node:internal/process/task_queues:78:11) {
  version: 69,
  modifiedPaths: [ 'PokeCredits' ]
}
VersionError: No matching document found for id "628cc3524948189ff74f8756" version 72 modifiedPaths "PokeCredits"
    at generateVersionError (/root/PokeTest/node_modules/mongoose/lib/model.js:444:10)
    at model.Model.save (/root/PokeTest/node_modules/mongoose/lib/model.js:500:28)
    at /root/PokeTest/commands/buy.js:800:18
    at runMicrotasks (<anonymous>)
    at processTicksAndRejections (node:internal/process/task_queues:96:5) {
  version: 72,
  modifiedPaths: [ 'PokeCredits' ]
}
VersionError: No matching document found for id "628cc3524948189ff74f8756" version 76 modifiedPaths "PokeCredits"
    at generateVersionError (/root/PokeTest/node_modules/mongoose/lib/model.js:444:10)
    at model.Model.save (/root/PokeTest/node_modules/mongoose/lib/model.js:500:28)
    at /root/PokeTest/commands/buy.js:800:18
    at runMicrotasks (<anonymous>)
    at processTicksAndRejections (node:internal/process/task_queues:96:5) {
  version: 76,
  modifiedPaths: [ 'PokeCredits' ]
}
VersionError: No matching document found for id "628cc3524948189ff74f8756" version 81 modifiedPaths "PokeCredits"
    at generateVersionError (/root/PokeTest/node_modules/mongoose/lib/model.js:444:10)
    at model.Model.save (/root/PokeTest/node_modules/mongoose/lib/model.js:500:28)
    at /root/PokeTest/commands/buy.js:800:18
    at runMicrotasks (<anonymous>)
    at processTicksAndRejections (node:internal/process/task_queues:96:5) {
  version: 81,
  modifiedPaths: [ 'PokeCredits' ]
}
VersionError: No matching document found for id "628cc3524948189ff74f8756" version 83 modifiedPaths "PokeCredits"
    at generateVersionError (/root/PokeTest/node_modules/mongoose/lib/model.js:444:10)
    at model.Model.save (/root/PokeTest/node_modules/mongoose/lib/model.js:500:28)
    at /root/PokeTest/commands/buy.js:800:18
    at runMicrotasks (<anonymous>)
    at processTicksAndRejections (node:internal/process/task_queues:96:5) {
  version: 83,
  modifiedPaths: [ 'PokeCredits' ]
}
VersionError: No matching document found for id "628cc3524948189ff74f8756" version 85 modifiedPaths "PokeCredits"
    at generateVersionError (/root/PokeTest/node_modules/mongoose/lib/model.js:444:10)
    at model.Model.save (/root/PokeTest/node_modules/mongoose/lib/model.js:500:28)
    at /root/PokeTest/commands/buy.js:800:18
    at runMicrotasks (<anonymous>)
    at processTicksAndRejections (node:internal/process/task_queues:96:5) {
  version: 85,
  modifiedPaths: [ 'PokeCredits' ]
}
VersionError: No matching document found for id "628cc3524948189ff74f8756" version 90 modifiedPaths "PokeCredits"
    at generateVersionError (/root/PokeTest/node_modules/mongoose/lib/model.js:444:10)
    at model.Model.save (/root/PokeTest/node_modules/mongoose/lib/model.js:500:28)
    at /root/PokeTest/commands/buy.js:800:18
    at runMicrotasks (<anonymous>)
    at processTicksAndRejections (node:internal/process/task_queues:96:5) {
  version: 90,
  modifiedPaths: [ 'PokeCredits' ]
}
VersionError: No matching document found for id "628cc3524948189ff74f8756" version 99 modifiedPaths "PokeCredits"
    at generateVersionError (/root/PokeTest/node_modules/mongoose/lib/model.js:444:10)
    at model.Model.save (/root/PokeTest/node_modules/mongoose/lib/model.js:500:28)
    at /root/PokeTest/commands/buy.js:800:18
    at runMicrotasks (<anonymous>)
    at processTicksAndRejections (node:internal/process/task_queues:96:5) {
  version: 99,
  modifiedPaths: [ 'PokeCredits' ]
}
VersionError: No matching document found for id "628d8e083ae698abedcbf2c2" version 340 modifiedPaths "PokeCredits"
    at generateVersionError (/root/PokeTest/node_modules/mongoose/lib/model.js:444:10)
    at model.Model.save (/root/PokeTest/node_modules/mongoose/lib/model.js:500:28)
    at /root/PokeTest/commands/buy.js:800:18
    at runMicrotasks (<anonymous>)
    at processTicksAndRejections (node:internal/process/task_queues:96:5) {
  version: 340,
  modifiedPaths: [ 'PokeCredits' ]
}
VersionError: No matching document found for id "628d8e083ae698abedcbf2c2" version 344 modifiedPaths "PokeCredits"
    at generateVersionError (/root/PokeTest/node_modules/mongoose/lib/model.js:444:10)
    at model.Model.save (/root/PokeTest/node_modules/mongoose/lib/model.js:500:28)
    at /root/PokeTest/commands/buy.js:800:18
    at runMicrotasks (<anonymous>)
    at processTicksAndRejections (node:internal/process/task_queues:96:5) {
  version: 344,
  modifiedPaths: [ 'PokeCredits' ]
}
3
3
3
VersionError: No matching document found for id "628d8e083ae698abedcbf2c2" version 372 modifiedPaths "PokeCredits"
    at generateVersionError (/root/PokeTest/node_modules/mongoose/lib/model.js:444:10)
    at model.Model.save (/root/PokeTest/node_modules/mongoose/lib/model.js:500:28)
    at /root/PokeTest/commands/buy.js:801:18
    at runMicrotasks (<anonymous>)
    at processTicksAndRejections (node:internal/process/task_queues:96:5) {
  version: 372,
  modifiedPaths: [ 'PokeCredits' ]
}
3
3
VersionError: No matching document found for id "628d8e083ae698abedcbf2c2" version 379 modifiedPaths "PokeCredits"
    at generateVersionError (/root/PokeTest/node_modules/mongoose/lib/model.js:444:10)
    at model.Model.save (/root/PokeTest/node_modules/mongoose/lib/model.js:500:28)
    at /root/PokeTest/commands/buy.js:801:18
    at processTicksAndRejections (node:internal/process/task_queues:96:5) {
  version: 379,
  modifiedPaths: [ 'PokeCredits' ]
}
3
3
3
TypeError: Cannot read properties of undefined (reading 'send')
    at /root/PokeTest/commands/raid.js:196:122
    at runMicrotasks (<anonymous>)
    at processTicksAndRejections (node:internal/process/task_queues:96:5)
DiscordAPIError: Missing Permissions
    at RequestHandler.execute (/root/PokeTest/node_modules/discord.js/src/rest/RequestHandler.js:154:13)
    at runMicrotasks (<anonymous>)
    at processTicksAndRejections (node:internal/process/task_queues:96:5)
    at async RequestHandler.push (/root/PokeTest/node_modules/discord.js/src/rest/RequestHandler.js:39:14) {
  method: 'post',
  path: '/channels/756137104274227282/messages',
  code: 50013,
  httpStatus: 403
}
DiscordAPIError: Missing Permissions
    at RequestHandler.execute (/root/PokeTest/node_modules/discord.js/src/rest/RequestHandler.js:154:13)
    at runMicrotasks (<anonymous>)
    at processTicksAndRejections (node:internal/process/task_queues:96:5)
    at async RequestHandler.push (/root/PokeTest/node_modules/discord.js/src/rest/RequestHandler.js:39:14) {
  method: 'post',
  path: '/channels/748558144359235685/messages',
  code: 50013,
  httpStatus: 403
}
3
3
3
3
3
3
3
3
3
DiscordAPIError: Missing Permissions
    at RequestHandler.execute (/root/PokeTest/node_modules/discord.js/src/rest/RequestHandler.js:154:13)
    at runMicrotasks (<anonymous>)
    at processTicksAndRejections (node:internal/process/task_queues:96:5)
    at async RequestHandler.push (/root/PokeTest/node_modules/discord.js/src/rest/RequestHandler.js:39:14) {
  method: 'post',
  path: '/channels/748558144359235685/messages',
  code: 50013,
  httpStatus: 403
}
DiscordAPIError: Missing Permissions
    at RequestHandler.execute (/root/PokeTest/node_modules/discord.js/src/rest/RequestHandler.js:154:13)
    at runMicrotasks (<anonymous>)
    at processTicksAndRejections (node:internal/process/task_queues:96:5)
    at async RequestHandler.push (/root/PokeTest/node_modules/discord.js/src/rest/RequestHandler.js:39:14) {
  method: 'post',
  path: '/channels/787277809659805746/messages',
  code: 50013,
  httpStatus: 403
}
DiscordAPIError: Missing Permissions
    at RequestHandler.execute (/root/PokeTest/node_modules/discord.js/src/rest/RequestHandler.js:154:13)
    at runMicrotasks (<anonymous>)
    at processTicksAndRejections (node:internal/process/task_queues:96:5)
    at async RequestHandler.push (/root/PokeTest/node_modules/discord.js/src/rest/RequestHandler.js:39:14) {
  method: 'post',
  path: '/channels/787277809659805746/messages',
  code: 50013,
  httpStatus: 403
}
DiscordAPIError: Missing Permissions
    at RequestHandler.execute (/root/PokeTest/node_modules/discord.js/src/rest/RequestHandler.js:154:13)
    at runMicrotasks (<anonymous>)
    at processTicksAndRejections (node:internal/process/task_queues:96:5)
    at async RequestHandler.push (/root/PokeTest/node_modules/discord.js/src/rest/RequestHandler.js:39:14) {
  method: 'post',
  path: '/channels/787277809659805746/messages',
  code: 50013,
  httpStatus: 403
}
DiscordAPIError: Missing Permissions
    at RequestHandler.execute (/root/PokeTest/node_modules/discord.js/src/rest/RequestHandler.js:154:13)
    at runMicrotasks (<anonymous>)
    at processTicksAndRejections (node:internal/process/task_queues:96:5)
    at async RequestHandler.push (/root/PokeTest/node_modules/discord.js/src/rest/RequestHandler.js:39:14) {
  method: 'post',
  path: '/channels/787277809659805746/messages',
  code: 50013,
  httpStatus: 403
}
DiscordAPIError: Missing Permissions
    at RequestHandler.execute (/root/PokeTest/node_modules/discord.js/src/rest/RequestHandler.js:154:13)
    at runMicrotasks (<anonymous>)
    at processTicksAndRejections (node:internal/process/task_queues:96:5)
    at async RequestHandler.push (/root/PokeTest/node_modules/discord.js/src/rest/RequestHandler.js:39:14) {
  method: 'post',
  path: '/channels/787277809659805746/messages',
  code: 50013,
  httpStatus: 403
}
3
3
3
3
3
VersionError: No matching document found for id "62cced8a755fab77feb5e14a" version 42 modifiedPaths "PokeCredits"
    at generateVersionError (/root/PokeTest/node_modules/mongoose/lib/model.js:444:10)
    at model.Model.save (/root/PokeTest/node_modules/mongoose/lib/model.js:500:28)
    at /root/PokeTest/commands/buy.js:678:22
    at runMicrotasks (<anonymous>)
    at processTicksAndRejections (node:internal/process/task_queues:96:5) {
  version: 42,
  modifiedPaths: [ 'PokeCredits' ]
}
3
3
3
3
3
3
VersionError: No matching document found for id "62cced8a755fab77feb5e14a" version 66 modifiedPaths "PokeCredits"
    at generateVersionError (/root/PokeTest/node_modules/mongoose/lib/model.js:444:10)
    at model.Model.save (/root/PokeTest/node_modules/mongoose/lib/model.js:500:28)
    at /root/PokeTest/commands/buy.js:801:18
    at runMicrotasks (<anonymous>)
    at processTicksAndRejections (node:internal/process/task_queues:96:5) {
  version: 66,
  modifiedPaths: [ 'PokeCredits' ]
}
3
3
3
3
VersionError: No matching document found for id "62cc3c9471435872f7c65ed2" version 24 modifiedPaths "PokeCredits"
    at generateVersionError (/root/PokeTest/node_modules/mongoose/lib/model.js:444:10)
    at model.Model.save (/root/PokeTest/node_modules/mongoose/lib/model.js:500:28)
    at /root/PokeTest/commands/buy.js:801:18
    at runMicrotasks (<anonymous>)
    at processTicksAndRejections (node:internal/process/task_queues:96:5) {
  version: 24,
  modifiedPaths: [ 'PokeCredits' ]
}
3
DiscordAPIError: Missing Permissions
    at RequestHandler.execute (/root/PokeTest/node_modules/discord.js/src/rest/RequestHandler.js:154:13)
    at processTicksAndRejections (node:internal/process/task_queues:96:5)
    at async RequestHandler.push (/root/PokeTest/node_modules/discord.js/src/rest/RequestHandler.js:39:14) {
  method: 'post',
  path: '/channels/787277809659805746/messages',
  code: 50013,
  httpStatus: 403
}
3
3
3
3
3
3
VersionError: No matching document found for id "62cc3c9471435872f7c65ed2" version 50 modifiedPaths "Redeems"
    at generateVersionError (/root/PokeTest/node_modules/mongoose/lib/model.js:444:10)
    at model.Model.save (/root/PokeTest/node_modules/mongoose/lib/model.js:500:28)
    at /root/PokeTest/commands/redeemspawn.js:113:14
    at /root/PokeTest/node_modules/mongoose/lib/model.js:5074:18
    at processTicksAndRejections (node:internal/process/task_queues:78:11) {
  version: 50,
  modifiedPaths: [ 'Redeems' ]
}
3
3
3
3
3
3
3
3
3
3
3
VersionError: No matching document found for id "62cc3c9471435872f7c65ed2" version 88 modifiedPaths "PokeCredits"
    at generateVersionError (/root/PokeTest/node_modules/mongoose/lib/model.js:444:10)
    at model.Model.save (/root/PokeTest/node_modules/mongoose/lib/model.js:500:28)
    at /root/PokeTest/commands/buy.js:801:18
    at runMicrotasks (<anonymous>)
    at processTicksAndRejections (node:internal/process/task_queues:96:5) {
  version: 88,
  modifiedPaths: [ 'PokeCredits' ]
}
3
3
3
3
3
VersionError: No matching document found for id "62cced8a755fab77feb5e14a" version 93 modifiedPaths "PokeCredits"
    at generateVersionError (/root/PokeTest/node_modules/mongoose/lib/model.js:444:10)
    at model.Model.save (/root/PokeTest/node_modules/mongoose/lib/model.js:500:28)
    at /root/PokeTest/commands/buy.js:801:18
    at runMicrotasks (<anonymous>)
    at processTicksAndRejections (node:internal/process/task_queues:96:5) {
  version: 93,
  modifiedPaths: [ 'PokeCredits' ]
}
3
VersionError: No matching document found for id "62cced8a755fab77feb5e14a" version 95 modifiedPaths "PokeCredits"
    at generateVersionError (/root/PokeTest/node_modules/mongoose/lib/model.js:444:10)
    at model.Model.save (/root/PokeTest/node_modules/mongoose/lib/model.js:500:28)
    at /root/PokeTest/commands/buy.js:678:22
    at runMicrotasks (<anonymous>)
    at processTicksAndRejections (node:internal/process/task_queues:96:5) {
  version: 95,
  modifiedPaths: [ 'PokeCredits' ]
}
VersionError: No matching document found for id "62cced8a755fab77feb5e14a" version 98 modifiedPaths "PokeCredits"
    at generateVersionError (/root/PokeTest/node_modules/mongoose/lib/model.js:444:10)
    at model.Model.save (/root/PokeTest/node_modules/mongoose/lib/model.js:500:28)
    at /root/PokeTest/commands/buy.js:678:22
    at runMicrotasks (<anonymous>)
    at processTicksAndRejections (node:internal/process/task_queues:96:5) {
  version: 98,
  modifiedPaths: [ 'PokeCredits' ]
}
3
3
3
3
3
VersionError: No matching document found for id "62d021283ed0020dce80cfa0" version 23 modifiedPaths "PokeCredits"
    at generateVersionError (/root/PokeTest/node_modules/mongoose/lib/model.js:444:10)
    at model.Model.save (/root/PokeTest/node_modules/mongoose/lib/model.js:500:28)
    at /root/PokeTest/commands/buy.js:801:18
    at runMicrotasks (<anonymous>)
    at processTicksAndRejections (node:internal/process/task_queues:96:5) {
  version: 23,
  modifiedPaths: [ 'PokeCredits' ]
}
3
3
3
3
3
TypeError: Cannot read properties of undefined (reading 'slice')
    at /root/PokeTest/commands/use.js:834:164
    at /root/PokeTest/node_modules/mongoose/lib/model.js:5074:18
    at processTicksAndRejections (node:internal/process/task_queues:78:11)
DiscordAPIError: Missing Permissions
    at RequestHandler.execute (/root/PokeTest/node_modules/discord.js/src/rest/RequestHandler.js:154:13)
    at runMicrotasks (<anonymous>)
    at processTicksAndRejections (node:internal/process/task_queues:96:5)
    at async RequestHandler.push (/root/PokeTest/node_modules/discord.js/src/rest/RequestHandler.js:39:14) {
  method: 'post',
  path: '/channels/748558144359235685/messages',
  code: 50013,
  httpStatus: 403
}
DiscordAPIError: Missing Permissions
    at RequestHandler.execute (/root/PokeTest/node_modules/discord.js/src/rest/RequestHandler.js:154:13)
    at runMicrotasks (<anonymous>)
    at processTicksAndRejections (node:internal/process/task_queues:96:5)
    at async RequestHandler.push (/root/PokeTest/node_modules/discord.js/src/rest/RequestHandler.js:39:14) {
  method: 'post',
  path: '/channels/787277809659805746/messages',
  code: 50013,
  httpStatus: 403
}
DiscordAPIError: Missing Permissions
    at RequestHandler.execute (/root/PokeTest/node_modules/discord.js/src/rest/RequestHandler.js:154:13)
    at runMicrotasks (<anonymous>)
    at processTicksAndRejections (node:internal/process/task_queues:96:5)
    at async RequestHandler.push (/root/PokeTest/node_modules/discord.js/src/rest/RequestHandler.js:39:14) {
  method: 'post',
  path: '/channels/756137104274227282/messages',
  code: 50013,
  httpStatus: 403
}
DiscordAPIError: Missing Permissions
    at RequestHandler.execute (/root/PokeTest/node_modules/discord.js/src/rest/RequestHandler.js:154:13)
    at runMicrotasks (<anonymous>)
    at processTicksAndRejections (node:internal/process/task_queues:96:5)
    at async RequestHandler.push (/root/PokeTest/node_modules/discord.js/src/rest/RequestHandler.js:39:14) {
  method: 'post',
  path: '/channels/756137104274227282/messages',
  code: 50013,
  httpStatus: 403
}
DiscordAPIError: Missing Permissions
    at RequestHandler.execute (/root/PokeTest/node_modules/discord.js/src/rest/RequestHandler.js:154:13)
    at runMicrotasks (<anonymous>)
    at processTicksAndRejections (node:internal/process/task_queues:96:5)
    at async RequestHandler.push (/root/PokeTest/node_modules/discord.js/src/rest/RequestHandler.js:39:14) {
  method: 'post',
  path: '/channels/756137104274227282/messages',
  code: 50013,
  httpStatus: 403
}
DiscordAPIError: Missing Permissions
    at RequestHandler.execute (/root/PokeTest/node_modules/discord.js/src/rest/RequestHandler.js:154:13)
    at processTicksAndRejections (node:internal/process/task_queues:96:5)
    at async RequestHandler.push (/root/PokeTest/node_modules/discord.js/src/rest/RequestHandler.js:39:14) {
  method: 'post',
  path: '/channels/756137104274227282/messages',
  code: 50013,
  httpStatus: 403
}
DiscordAPIError: Missing Permissions
    at RequestHandler.execute (/root/PokeTest/node_modules/discord.js/src/rest/RequestHandler.js:154:13)
    at runMicrotasks (<anonymous>)
    at processTicksAndRejections (node:internal/process/task_queues:96:5)
    at async RequestHandler.push (/root/PokeTest/node_modules/discord.js/src/rest/RequestHandler.js:39:14) {
  method: 'post',
  path: '/channels/748558144359235685/messages',
  code: 50013,
  httpStatus: 403
}
DiscordAPIError: Missing Permissions
    at RequestHandler.execute (/root/PokeTest/node_modules/discord.js/src/rest/RequestHandler.js:154:13)
    at runMicrotasks (<anonymous>)
    at processTicksAndRejections (node:internal/process/task_queues:96:5)
    at async RequestHandler.push (/root/PokeTest/node_modules/discord.js/src/rest/RequestHandler.js:39:14) {
  method: 'post',
  path: '/channels/748558144359235685/messages',
  code: 50013,
  httpStatus: 403
}
3
VersionError: No matching document found for id "629b73b6af397f68c6542508" version 192 modifiedPaths "PokeCredits"
    at generateVersionError (/root/PokeTest/node_modules/mongoose/lib/model.js:444:10)
    at model.Model.save (/root/PokeTest/node_modules/mongoose/lib/model.js:500:28)
    at /root/PokeTest/commands/buy.js:801:18
    at runMicrotasks (<anonymous>)
    at processTicksAndRejections (node:internal/process/task_queues:96:5) {
  version: 192,
  modifiedPaths: [ 'PokeCredits' ]
}
3
3
3
3
3
3
3
TypeError: Cannot read properties of null (reading 'id')
    at Client.<anonymous> (/root/PokeTest/index.js:183:55)
    at Client.emit (node:events:527:28)
    at MessageCreateAction.handle (/root/PokeTest/node_modules/discord.js/src/client/actions/MessageCreate.js:31:14)
    at Object.module.exports [as MESSAGE_CREATE] (/root/PokeTest/node_modules/discord.js/src/client/websocket/handlers/MESSAGE_CREATE.js:4:32)
    at WebSocketManager.handlePacket (/root/PokeTest/node_modules/discord.js/src/client/websocket/WebSocketManager.js:384:31)
    at WebSocketShard.onPacket (/root/PokeTest/node_modules/discord.js/src/client/websocket/WebSocketShard.js:444:22)
    at WebSocketShard.onMessage (/root/PokeTest/node_modules/discord.js/src/client/websocket/WebSocketShard.js:301:10)
    at WebSocket.onMessage (/root/PokeTest/node_modules/ws/lib/event-target.js:132:16)
    at WebSocket.emit (node:events:527:28)
    at Receiver.receiverOnMessage (/root/PokeTest/node_modules/ws/lib/websocket.js:1008:20)
    at Receiver.emit (node:events:527:28)
    at Receiver.dataMessage (/root/PokeTest/node_modules/ws/lib/receiver.js:517:14)
    at Receiver.getData (/root/PokeTest/node_modules/ws/lib/receiver.js:435:17)
    at Receiver.startLoop (/root/PokeTest/node_modules/ws/lib/receiver.js:143:22)
    at Receiver._write (/root/PokeTest/node_modules/ws/lib/receiver.js:78:10)
    at writeOrBuffer (node:internal/streams/writable:389:12)
TypeError: Cannot read properties of null (reading 'id')
    at Client.<anonymous> (/root/PokeTest/index.js:183:55)
    at Client.emit (node:events:527:28)
    at MessageCreateAction.handle (/root/PokeTest/node_modules/discord.js/src/client/actions/MessageCreate.js:31:14)
    at Object.module.exports [as MESSAGE_CREATE] (/root/PokeTest/node_modules/discord.js/src/client/websocket/handlers/MESSAGE_CREATE.js:4:32)
    at WebSocketManager.handlePacket (/root/PokeTest/node_modules/discord.js/src/client/websocket/WebSocketManager.js:384:31)
    at WebSocketShard.onPacket (/root/PokeTest/node_modules/discord.js/src/client/websocket/WebSocketShard.js:444:22)
    at WebSocketShard.onMessage (/root/PokeTest/node_modules/discord.js/src/client/websocket/WebSocketShard.js:301:10)
    at WebSocket.onMessage (/root/PokeTest/node_modules/ws/lib/event-target.js:132:16)
    at WebSocket.emit (node:events:527:28)
    at Receiver.receiverOnMessage (/root/PokeTest/node_modules/ws/lib/websocket.js:1008:20)
    at Receiver.emit (node:events:527:28)
    at Receiver.dataMessage (/root/PokeTest/node_modules/ws/lib/receiver.js:517:14)
    at Receiver.getData (/root/PokeTest/node_modules/ws/lib/receiver.js:435:17)
    at Receiver.startLoop (/root/PokeTest/node_modules/ws/lib/receiver.js:143:22)
    at Receiver._write (/root/PokeTest/node_modules/ws/lib/receiver.js:78:10)
    at writeOrBuffer (node:internal/streams/writable:389:12)
3
VersionError: No matching document found for id "628d8e083ae698abedcbf2c2" version 396 modifiedPaths "PokeCredits"
    at generateVersionError (/root/PokeTest/node_modules/mongoose/lib/model.js:444:10)
    at model.Model.save (/root/PokeTest/node_modules/mongoose/lib/model.js:500:28)
    at /root/PokeTest/commands/buy.js:801:18
    at runMicrotasks (<anonymous>)
    at processTicksAndRejections (node:internal/process/task_queues:96:5) {
  version: 396,
  modifiedPaths: [ 'PokeCredits' ]
}
